<?xml version="1.0" encoding="UTF-8"?>
<!-- Generated by org.testng.reporters.JUnitReportReporter -->
<testsuite skipped="0" hostname="lathabp-ThinkPad-L470-W10DG" name="test.allCategoryTest" tests="1" failures="0" timestamp="16 Dec 2019 09:14:39 GMT" time="38.783" errors="0">
  <testcase name="TestvalideLogin" time="38.783" classname="test.allCategoryTest"/>
</testsuite> <!-- test.allCategoryTest -->
