<?xml version="1.0" encoding="UTF-8"?>
<!-- Generated by org.testng.reporters.JUnitReportReporter -->
<testsuite skipped="0" hostname="lathabp-ThinkPad-L470-W10DG" name="test.addCartTest" tests="1" failures="0" timestamp="16 Dec 2019 10:08:12 GMT" time="25.659" errors="0">
  <testcase name="TestvalideAddCartValue" time="25.659" classname="test.addCartTest"/>
</testsuite> <!-- test.addCartTest -->
