<?xml version="1.0" encoding="UTF-8"?>
<!-- Generated by org.testng.reporters.JUnitReportReporter -->
<testsuite skipped="0" hostname="lathabp-ThinkPad-L470-W10DG" name="test.day2" tests="1" failures="0" timestamp="2019-11-23T22:58:49 IST" time="0.001" errors="0">
  <testcase name="demo2" time="0.001" classname="test.day2"/>
</testsuite> <!-- test.day2 -->
