<?xml version="1.0" encoding="UTF-8"?>
<!-- Generated by org.testng.reporters.JUnitReportReporter -->
<testsuite skipped="0" hostname="lathabp-ThinkPad-L470-W10DG" name="test.day6" tests="2" failures="0" timestamp="2019-11-23T17:59:32 IST" time="0.019" errors="0">
  <testcase name="demo7" time="0.006" classname="test.day6"/>
  <testcase name="demo5" time="0.013" classname="test.day6"/>
</testsuite> <!-- test.day6 -->
