<?xml version="1.0" encoding="UTF-8"?>
<!-- Generated by org.testng.reporters.JUnitReportReporter -->
<testsuite skipped="0" hostname="lathabp-ThinkPad-L470-W10DG" name="test.day1" tests="2" failures="0" timestamp="2019-11-23T23:07:31 IST" time="0.016" errors="0">
  <testcase name="demo12" time="0.015" classname="test.day1"/>
  <testcase name="demo3" time="0.001" classname="test.day1"/>
</testsuite> <!-- test.day1 -->
