<?xml version="1.0" encoding="UTF-8"?>
<!-- Generated by org.testng.reporters.JUnitReportReporter -->
<testsuite skipped="0" hostname="lathabp-ThinkPad-L470-W10DG" name="Mobile.Test.LoginTest" tests="1" failures="0" timestamp="25 Nov 2019 05:07:36 GMT" time="44.518" errors="0">
  <testcase name="testvalidloginpages" time="44.518" classname="Mobile.Test.LoginTest"/>
</testsuite> <!-- Mobile.Test.LoginTest -->
