<?xml version="1.0" encoding="UTF-8"?>
<!-- Generated by org.testng.reporters.JUnitReportReporter -->
<testsuite skipped="0" hostname="lathabp-ThinkPad-L470-W10DG" name="com.AutomationTesting.AutomationTesting.BSAppium$InvocationTest" tests="5" failures="0" timestamp="2019-09-19T12:53:42 IST" time="0.030" errors="0">
  <testcase name="test1" time="0.001" classname="com.AutomationTesting.AutomationTesting.BSAppium$InvocationTest"/>
  <testcase name="test1" time="0.002" classname="com.AutomationTesting.AutomationTesting.BSAppium$InvocationTest"/>
  <testcase name="test1" time="0.012" classname="com.AutomationTesting.AutomationTesting.BSAppium$InvocationTest"/>
  <testcase name="test1" time="0.012" classname="com.AutomationTesting.AutomationTesting.BSAppium$InvocationTest"/>
  <testcase name="test1" time="0.003" classname="com.AutomationTesting.AutomationTesting.BSAppium$InvocationTest"/>
</testsuite> <!-- com.AutomationTesting.AutomationTesting.BSAppium$InvocationTest -->
